<?xml version="1.0" encoding="UTF-8"?>
<!-- Generated by org.testng.reporters.JUnitReportReporter -->
<testsuite skipped="0" hostname="DESKTOP-F3O7KVR" name="restApiTests.StatusLineHeaderExample" tests="1" failures="0" timestamp="2020-02-18T00:01:41 IST" time="1.498" errors="0">
  <testcase name="googleBasicAPI" time="1.498" classname="restApiTests.StatusLineHeaderExample"/>
  <system-out/>
</testsuite> <!-- restApiTests.StatusLineHeaderExample -->
