<?xml version="1.0" encoding="UTF-8"?>
<!-- Generated by org.testng.reporters.JUnitReportReporter -->
<testsuite skipped="0" hostname="DESKTOP-F3O7KVR" name="restApiTests.GoogleBasicAPI" tests="1" failures="0" timestamp="2020-02-17T23:33:36 IST" time="1.598" errors="0">
  <testcase name="googleBasicAPI" time="1.598" classname="restApiTests.GoogleBasicAPI"/>
  <system-out/>
</testsuite> <!-- restApiTests.GoogleBasicAPI -->
